<?xml version="1.0" encoding="UTF-8" standalone="no"?>
<!DOCTYPE log SYSTEM "logger.dtd">
<log>
<record>
  <date>2018-07-12T15:30:48.192-0300</date>
  <logger>LUCAS GOMES AIRES</logger>
  <level>FINE</level>
  <message>File 116210971-LUCAS GOMES AIRES.zip was received. It was sent by LUCAS GOMES AIRES from IP 192.168.25.10</message>
</record>
</log>
<?xml version="1.0" encoding="UTF-8" standalone="no"?>
<!DOCTYPE log SYSTEM "logger.dtd">
<log>
<record>
  <date>2018-07-12T15:36:47.286-0300</date>
  <logger>LUCAS GOMES AIRES</logger>
  <level>FINE</level>
  <message>File 116210971-LUCAS GOMES AIRES.zip was received. It was sent by LUCAS GOMES AIRES from IP 192.168.25.10</message>
</record>
</log>
<?xml version="1.0" encoding="UTF-8" standalone="no"?>
<!DOCTYPE log SYSTEM "logger.dtd">
<log>
<record>
  <date>2018-07-12T15:38:26.418-0300</date>
  <logger>LUCAS GOMES AIRES</logger>
  <level>FINE</level>
  <message>File 116210971-LUCAS GOMES AIRES.zip was received. It was sent by LUCAS GOMES AIRES from IP 192.168.25.10</message>
</record>
