<?xml version="1.0" encoding="UTF-8" standalone="no"?>
<!DOCTYPE log SYSTEM "logger.dtd">
<head/><log>
<record>
  <date>2016-09-28T16:18:44.905-0300</date>
  <logger>MATTHEUS BRITO RODRIGUES</logger>
  <level>FINE</level>
  <message>File 115111167-MATTHEUS BRITO RODRIGUES.zip was received. It was sent by MATTHEUS BRITO RODRIGUES from IP 150.165.74.134</message>
</record>
</log>
<?xml version="1.0" encoding="UTF-8" standalone="no"?>
<!DOCTYPE log SYSTEM "logger.dtd">
<log>
<record>
  <date>2016-09-29T06:50:39.530-0300</date>
  <logger>MATTHEUS BRITO RODRIGUES</logger>
  <level>FINE</level>
  <message>File 115111167-MATTHEUS BRITO RODRIGUES.zip was received. It was sent by MATTHEUS BRITO RODRIGUES from IP 192.168.25.205</message>
</record>
</log>
<?xml version="1.0" encoding="UTF-8" standalone="no"?>
<!DOCTYPE log SYSTEM "logger.dtd">
<log>
<record>
  <date>2016-09-29T17:13:34.780-0300</date>
  <logger>MATTHEUS BRITO RODRIGUES</logger>
  <level>FINE</level>
  <message>File 115111167-MATTHEUS BRITO RODRIGUES.zip was received. It was sent by MATTHEUS BRITO RODRIGUES from IP 192.168.15.115</message>
</record>
