<?xml version="1.0" encoding="UTF-8" standalone="no"?>
<!DOCTYPE log SYSTEM "logger.dtd">
<log>
<record>
  <date>2018-06-07T14:14:35.174-0300</date>
  <logger>LUCAS GOMES AIRES</logger>
  <level>FINE</level>
  <message>File 116210971-LUCAS GOMES AIRES.zip was received. It was sent by LUCAS GOMES AIRES from IP 192.168.25.7</message>
</record>
</log>
<?xml version="1.0" encoding="UTF-8" standalone="no"?>
<!DOCTYPE log SYSTEM "logger.dtd">
<log>
<record>
  <date>2018-06-07T20:03:22.741-0300</date>
  <logger>LUCAS GOMES AIRES</logger>
  <level>FINE</level>
  <message>File 116210971-LUCAS GOMES AIRES.zip was received. It was sent by LUCAS GOMES AIRES from IP 192.168.25.9</message>
</record>
</log>
<?xml version="1.0" encoding="UTF-8" standalone="no"?>
<!DOCTYPE log SYSTEM "logger.dtd">
<log>
<record>
  <date>2018-06-07T20:09:50.801-0300</date>
  <logger>LUCAS GOMES AIRES</logger>
  <level>FINE</level>
  <message>File 116210971-LUCAS GOMES AIRES.zip was received. It was sent by LUCAS GOMES AIRES from IP 192.168.25.9</message>
</record>
