<?xml version="1.0" encoding="UTF-8" standalone="no"?>
<!DOCTYPE log SYSTEM "logger.dtd">
<head/><log>
<record>
  <date>2016-08-15T16:37:41.095-0300</date>
  <logger>MATTHEUS BRITO RODRIGUES</logger>
  <level>FINE</level>
  <message>File 115111167-MATTHEUS BRITO RODRIGUES.zip was received. It was sent by MATTHEUS BRITO RODRIGUES from IP 150.165.74.133</message>
</record>
</log>
<?xml version="1.0" encoding="UTF-8" standalone="no"?>
<!DOCTYPE log SYSTEM "logger.dtd">
<log>
<record>
  <date>2016-08-15T16:46:31.380-0300</date>
  <logger>MATTHEUS BRITO RODRIGUES</logger>
  <level>FINE</level>
  <message>File 115111167-MATTHEUS BRITO RODRIGUES.zip was received. It was sent by MATTHEUS BRITO RODRIGUES from IP 150.165.74.133</message>
</record>
</log>
<?xml version="1.0" encoding="UTF-8" standalone="no"?>
<!DOCTYPE log SYSTEM "logger.dtd">
<log>
<record>
  <date>2016-08-15T16:47:30.028-0300</date>
  <logger>MATTHEUS BRITO RODRIGUES</logger>
  <level>FINE</level>
  <message>File 115111167-MATTHEUS BRITO RODRIGUES.zip was received. It was sent by MATTHEUS BRITO RODRIGUES from IP 150.165.74.133</message>
</record>
</log>
<?xml version="1.0" encoding="UTF-8" standalone="no"?>
<!DOCTYPE log SYSTEM "logger.dtd">
<log>
<record>
  <date>2016-08-15T16:56:34.634-0300</date>
  <logger>MATTHEUS BRITO RODRIGUES</logger>
  <level>FINE</level>
  <message>File 115111167-MATTHEUS BRITO RODRIGUES.zip was received. It was sent by MATTHEUS BRITO RODRIGUES from IP 150.165.74.133</message>
</record>
