<?xml version="1.0" encoding="UTF-8" standalone="no"?>
<!DOCTYPE log SYSTEM "logger.dtd">
<head/><log>
<record>
  <date>2016-07-20T20:26:18.286-0300</date>
  <logger>MATTHEUS BRITO RODRIGUES</logger>
  <level>FINE</level>
  <message>File 115111167-MATTHEUS BRITO RODRIGUES.zip was received. It was sent by MATTHEUS BRITO RODRIGUES from IP 192.168.15.50</message>
</record>
</log>
<?xml version="1.0" encoding="UTF-8" standalone="no"?>
<!DOCTYPE log SYSTEM "logger.dtd">
<log>
<record>
  <date>2016-07-20T20:28:48.062-0300</date>
  <logger>MATTHEUS BRITO RODRIGUES</logger>
  <level>FINE</level>
  <message>File 115111167-MATTHEUS BRITO RODRIGUES.zip was received. It was sent by MATTHEUS BRITO RODRIGUES from IP 192.168.15.50</message>
</record>
</log>
<?xml version="1.0" encoding="UTF-8" standalone="no"?>
<!DOCTYPE log SYSTEM "logger.dtd">
<log>
<record>
  <date>2016-07-21T00:49:29.343-0300</date>
  <logger>MATTHEUS BRITO RODRIGUES</logger>
  <level>FINE</level>
  <message>File 115111167-MATTHEUS BRITO RODRIGUES.zip was received. It was sent by MATTHEUS BRITO RODRIGUES from IP 192.168.15.50</message>
</record>
