<?xml version="1.0" encoding="UTF-8" standalone="no"?>
<!DOCTYPE log SYSTEM "logger.dtd">
<log>
<record>
  <date>2018-05-24T21:30:51.416-0300</date>
  <logger>LUCAS GOMES AIRES</logger>
  <level>FINE</level>
  <message>File 116210971-LUCAS GOMES AIRES.zip was received. It was sent by LUCAS GOMES AIRES from IP 192.168.25.5</message>
</record>
</log>
<?xml version="1.0" encoding="UTF-8" standalone="no"?>
<!DOCTYPE log SYSTEM "logger.dtd">
<log>
<record>
  <date>2018-05-25T08:54:52.112-0300</date>
  <logger>LUCAS GOMES AIRES</logger>
  <level>FINE</level>
  <message>File 116210971-LUCAS GOMES AIRES.zip was received. It was sent by LUCAS GOMES AIRES from IP 192.168.25.5</message>
</record>
</log>
<?xml version="1.0" encoding="UTF-8" standalone="no"?>
<!DOCTYPE log SYSTEM "logger.dtd">
<log>
<record>
  <date>2018-05-25T10:21:32.513-0300</date>
  <logger>LUCAS GOMES AIRES</logger>
  <level>FINE</level>
  <message>File 116210971-LUCAS GOMES AIRES.zip was received. It was sent by LUCAS GOMES AIRES from IP 192.168.25.5</message>
</record>
</log>
<?xml version="1.0" encoding="UTF-8" standalone="no"?>
<!DOCTYPE log SYSTEM "logger.dtd">
<log>
<record>
  <date>2018-05-28T10:34:35.156-0300</date>
  <logger>LUCAS GOMES AIRES</logger>
  <level>FINE</level>
  <message>File 116210971-LUCAS GOMES AIRES.zip was received. It was sent by LUCAS GOMES AIRES from IP 192.168.25.5</message>
</record>
